# JRE version: OpenJDK Runtime Environment (17.0.10) (build 17.0.10+0--11609105)
# Java VM: OpenJDK 64-Bit Server VM (17.0.10+0--11609105, mixed mode, tiered, compressed oops, compressed class ptrs, g1 gc, windows-amd64)
GC Precious Log:
 CPUs: 8 total, 8 available
 Memory: 7934M
 Large Page Support: Disabled
 NUMA Support: Disabled
 Compressed Oops: Enabled (32-bit)
 Heap Region Size: 1M
 Heap Min Capacity: 8M
 Heap Initial Capacity: 124M
 Heap Max Capacity: 2G
 Pre-touch: Disabled
 Parallel Workers: 8
 Concurrent Workers: 2
 Concurrent Refinement Workers: 8
 Periodic GC: Disabled
Heap:
 garbage-first heap   total 424960K, used 160671K [0x0000000080000000, 0x0000000100000000)
  region size 1024K, 3 young (3072K), 3 survivors (3072K)
 Metaspace       used 143675K, committed 144448K, reserved 1179648K
  class space    used 18354K, committed 18688K, reserved 1048576K
GC Heap History (20 events):
Event: 34.868 GC heap after
{Heap after GC invocations=46 (full 0):
 garbage-first heap   total 424960K, used 149996K [0x0000000080000000, 0x0000000100000000)
  region size 1024K, 6 young (6144K), 6 survivors (6144K)
 Metaspace       used 143351K, committed 144064K, reserved 1179648K
  class space    used 18329K, committed 18624K, reserved 1048576K
}
Event: 34.900 GC heap before
{Heap before GC invocations=46 (full 0):
 garbage-first heap   total 424960K, used 163308K [0x0000000080000000, 0x0000000100000000)
  region size 1024K, 20 young (20480K), 6 survivors (6144K)
 Metaspace       used 143366K, committed 144128K, reserved 1179648K
  class space    used 18329K, committed 18624K, reserved 1048576K
}
Event: 34.915 GC heap after
{Heap after GC invocations=47 (full 0):
 garbage-first heap   total 424960K, used 143168K [0x0000000080000000, 0x0000000100000000)
  region size 1024K, 1 young (1024K), 1 survivors (1024K)
 Metaspace       used 143366K, committed 144128K, reserved 1179648K
  class space    used 18329K, committed 18624K, reserved 1048576K
}
Event: 35.361 GC heap before
{Heap before GC invocations=47 (full 0):
 garbage-first heap   total 424960K, used 363328K [0x0000000080000000, 0x0000000100000000)
  region size 1024K, 216 young (221184K), 1 survivors (1024K)
 Metaspace       used 143417K, committed 144128K, reserved 1179648K
  class space    used 18329K, committed 18624K, reserved 1048576K
}
Event: 35.364 GC heap after
{Heap after GC invocations=48 (full 0):
 garbage-first heap   total 424960K, used 144235K [0x0000000080000000, 0x0000000100000000)
  region size 1024K, 3 young (3072K), 3 survivors (3072K)
 Metaspace       used 143417K, committed 144128K, reserved 1179648K
  class space    used 18329K, committed 18624K, reserved 1048576K
}
Event: 35.802 GC heap before
{Heap before GC invocations=48 (full 0):
 garbage-first heap   total 424960K, used 359275K [0x0000000080000000, 0x0000000100000000)
  region size 1024K, 214 young (219136K), 3 survivors (3072K)
 Metaspace       used 143421K, committed 144128K, reserved 1179648K
  class space    used 18329K, committed 18624K, reserved 1048576K
}
Event: 35.807 GC heap after
{Heap after GC invocations=49 (full 0):
 garbage-first heap   total 424960K, used 146513K [0x0000000080000000, 0x0000000100000000)
  region size 1024K, 5 young (5120K), 5 survivors (5120K)
 Metaspace       used 143421K, committed 144128K, reserved 1179648K
  class space    used 18329K, committed 18624K, reserved 1048576K
}
Event: 36.157 GC heap before
{Heap before GC invocations=50 (full 0):
 garbage-first heap   total 424960K, used 372817K [0x0000000080000000, 0x0000000100000000)
  region size 1024K, 223 young (228352K), 5 survivors (5120K)
 Metaspace       used 143422K, committed 144128K, reserved 1179648K
  class space    used 18329K, committed 18624K, reserved 1048576K
}
Event: 36.163 GC heap after
{Heap after GC invocations=51 (full 0):
 garbage-first heap   total 424960K, used 145685K [0x0000000080000000, 0x0000000100000000)
  region size 1024K, 5 young (5120K), 5 survivors (5120K)
 Metaspace       used 143422K, committed 144128K, reserved 1179648K
  class space    used 18329K, committed 18624K, reserved 1048576K
}
Event: 36.223 GC heap before
{Heap before GC invocations=51 (full 0):
 garbage-first heap   total 424960K, used 160021K [0x0000000080000000, 0x0000000100000000)
  region size 1024K, 20 young (20480K), 5 survivors (5120K)
 Metaspace       used 143422K, committed 144128K, reserved 1179648K
  class space    used 18329K, committed 18624K, reserved 1048576K
}
Event: 36.232 GC heap after
{Heap after GC invocations=52 (full 0):
 garbage-first heap   total 424960K, used 141648K [0x0000000080000000, 0x0000000100000000)
  region size 1024K, 2 young (2048K), 2 survivors (2048K)
 Metaspace       used 143422K, committed 144128K, reserved 1179648K
  class space    used 18329K, committed 18624K, reserved 1048576K
}
Event: 36.699 GC heap before
{Heap before GC invocations=52 (full 0):
 garbage-first heap   total 424960K, used 371024K [0x0000000080000000, 0x0000000100000000)
  region size 1024K, 226 young (231424K), 2 survivors (2048K)
 Metaspace       used 143441K, committed 144128K, reserved 1179648K
  class space    used 18329K, committed 18624K, reserved 1048576K
}
Event: 36.704 GC heap after
{Heap after GC invocations=53 (full 0):
 garbage-first heap   total 424960K, used 141460K [0x0000000080000000, 0x0000000100000000)
  region size 1024K, 3 young (3072K), 3 survivors (3072K)
 Metaspace       used 143441K, committed 144128K, reserved 1179648K
  class space    used 18329K, committed 18624K, reserved 1048576K
}
Event: 37.018 GC heap before
{Heap before GC invocations=53 (full 0):
 garbage-first heap   total 424960K, used 284820K [0x0000000080000000, 0x0000000100000000)
  region size 1024K, 145 young (148480K), 3 survivors (3072K)
 Metaspace       used 143514K, committed 144192K, reserved 1179648K
  class space    used 18329K, committed 18624K, reserved 1048576K
}
Event: 37.033 GC heap after
{Heap after GC invocations=54 (full 0):
 garbage-first heap   total 424960K, used 155366K [0x0000000080000000, 0x0000000100000000)
  region size 1024K, 17 young (17408K), 17 survivors (17408K)
 Metaspace       used 143514K, committed 144192K, reserved 1179648K
  class space    used 18329K, committed 18624K, reserved 1048576K
}
Event: 37.601 GC heap before
{Heap before GC invocations=55 (full 0):
 garbage-first heap   total 424960K, used 360166K [0x0000000080000000, 0x0000000100000000)
  region size 1024K, 216 young (221184K), 17 survivors (17408K)
 Metaspace       used 143528K, committed 144256K, reserved 1179648K
  class space    used 18329K, committed 18624K, reserved 1048576K
}
Event: 37.633 GC heap after
{Heap after GC invocations=56 (full 0):
 garbage-first heap   total 424960K, used 162538K [0x0000000080000000, 0x0000000100000000)
  region size 1024K, 7 young (7168K), 7 survivors (7168K)
 Metaspace       used 143528K, committed 144256K, reserved 1179648K
  class space    used 18329K, committed 18624K, reserved 1048576K
}
Event: 37.662 GC heap before
{Heap before GC invocations=56 (full 0):
 garbage-first heap   total 424960K, used 174826K [0x0000000080000000, 0x0000000100000000)
  region size 1024K, 20 young (20480K), 7 survivors (7168K)
 Metaspace       used 143528K, committed 144256K, reserved 1179648K
  class space    used 18329K, committed 18624K, reserved 1048576K
}
Event: 37.672 GC heap after
{Heap after GC invocations=57 (full 0):
 garbage-first heap   total 424960K, used 159261K [0x0000000080000000, 0x0000000100000000)
  region size 1024K, 1 young (1024K), 1 survivors (1024K)
 Metaspace       used 143528K, committed 144256K, reserved 1179648K
  class space    used 18329K, committed 18624K, reserved 1048576K
}
Event: 39.076 GC heap before
{Heap before GC invocations=57 (full 0):
 garbage-first heap   total 424960K, used 359965K [0x0000000080000000, 0x0000000100000000)
  region size 1024K, 197 young (201728K), 1 survivors (1024K)
 Metaspace       used 143675K, committed 144448K, reserved 1179648K
  class space    used 18354K, committed 18688K, reserved 1048576K
}

